[debug] [2025-08-17T13:57:01.952Z] ----------------------------------------------------------------------
[debug] [2025-08-17T13:57:01.953Z] Command:       /opt/homebrew/Cellar/node/24.1.0/bin/node /opt/homebrew/bin/firebase init
[debug] [2025-08-17T13:57:01.953Z] CLI Version:   14.12.1
[debug] [2025-08-17T13:57:01.953Z] Platform:      darwin
[debug] [2025-08-17T13:57:01.953Z] Node Version:  v24.1.0
[debug] [2025-08-17T13:57:01.953Z] Time:          Sun Aug 17 2025 19:27:01 GMT+0530 (India Standard Time)
[debug] [2025-08-17T13:57:01.953Z] ----------------------------------------------------------------------
[debug] 
[debug] [2025-08-17T13:57:01.956Z] > command requires scopes: ["email","openid","https://www.googleapis.com/auth/cloudplatformprojects.readonly","https://www.googleapis.com/auth/firebase","https://www.googleapis.com/auth/cloud-platform"]
[debug] [2025-08-17T13:57:01.956Z] > authorizing via signed-in user (rishabhkumarmishra067@gmail.com)
[info] 
     ######## #### ########  ######## ########     ###     ######  ########
     ##        ##  ##     ## ##       ##     ##  ##   ##  ##       ##
     ######    ##  ########  ######   ########  #########  ######  ######
     ##        ##  ##    ##  ##       ##     ## ##     ##       ## ##
     ##       #### ##     ## ######## ########  ##     ##  ######  ########

You're about to initialize a Firebase project in this directory:

  /Users/codewithrishabh/Documents/resources/chat/chat_app

[info] 
=== Project Setup
[info] 
[info] First, let's associate this project directory with a Firebase project.
[info] You can create multiple project aliases by running firebase use --add, 
[info] but for now we'll just set up a default project.
[info] 
[debug] [2025-08-17T14:01:19.353Z] Checked if tokens are valid: false, expires at: 1755434434190
[debug] [2025-08-17T14:01:19.354Z] Checked if tokens are valid: false, expires at: 1755434434190
[debug] [2025-08-17T14:01:19.355Z] > refreshing access token with scopes: []
[debug] [2025-08-17T14:01:19.358Z] >>> [apiv2][query] POST https://www.googleapis.com/oauth2/v3/token [none]
[debug] [2025-08-17T14:01:19.358Z] >>> [apiv2][body] POST https://www.googleapis.com/oauth2/v3/token [omitted]
[debug] [2025-08-17T14:01:19.744Z] <<< [apiv2][status] POST https://www.googleapis.com/oauth2/v3/token 200
[debug] [2025-08-17T14:01:19.744Z] <<< [apiv2][body] POST https://www.googleapis.com/oauth2/v3/token [omitted]
[debug] [2025-08-17T14:01:19.759Z] >>> [apiv2][query] GET https://firebase.googleapis.com/v1beta1/projects pageSize=100
[debug] [2025-08-17T14:01:20.814Z] <<< [apiv2][status] GET https://firebase.googleapis.com/v1beta1/projects 200
[debug] [2025-08-17T14:01:20.815Z] <<< [apiv2][body] GET https://firebase.googleapis.com/v1beta1/projects [omitted]
[debug] [2025-08-17T14:07:20.798Z] ExitPromptError: User force closed the prompt with SIGINT
    at Interface.sigint (/opt/homebrew/lib/node_modules/firebase-tools/node_modules/@inquirer/core/dist/commonjs/lib/create-prompt.js:101:37)
    at Interface.emit (node:events:507:28)
    at Interface.emit (node:domain:489:12)
    at [_ttyWrite] [as _ttyWrite] (node:internal/readline/interface:1381:18)
    at ReadStream.onkeypress (node:internal/readline/interface:297:20)
    at ReadStream.emit (node:events:519:35)
    at ReadStream.emit (node:domain:489:12)
    at emitKeys (node:internal/readline/utils:371:14)
    at emitKeys.next (<anonymous>)
    at ReadStream.onData (node:internal/readline/emitKeypressEvents:64:36)
[error] 
[error] Error: An unexpected error has occurred.
